Performing C SOURCE FILE Test FLAG_C_CXX11 failed with the following output:
Change Dir: /Users/jmattiello/Workspace/Provenance/Provenance/Cores/Dolphin/cmake/CMakeFiles/CMakeScratch/TryCompile-mUQjmQ

Run Build Command(s):/usr/bin/xcodebuild -project CMAKE_TRY_COMPILE.xcodeproj build -target cmTC_dcc7b -parallelizeTargets -configuration Debug -hideShellScriptEnvironment && Command line invocation:
    /Applications/Xcode-14.2.app/Contents/Developer/usr/bin/xcodebuild -project CMAKE_TRY_COMPILE.xcodeproj build -target cmTC_dcc7b -parallelizeTargets -configuration Debug -hideShellScriptEnvironment

User defaults from command line:
    HideShellScriptEnvironment = YES
    IDEPackageSupportUseBuiltinSCM = YES

Computing target dependency graph and provisioning inputs

Create build description
Build description signature: c5965e144946b4a73b4f253ea0fa32d8
Build description path: /Users/jmattiello/Workspace/Provenance/Provenance/Cores/Dolphin/cmake/CMakeFiles/CMakeScratch/TryCompile-mUQjmQ/build/XCBuildData/c5965e144946b4a73b4f253ea0fa32d8-desc.xcbuild

note: Building targets in dependency order
CreateBuildDirectory /Users/jmattiello/Workspace/Provenance/Provenance/Cores/Dolphin/cmake/CMakeFiles/CMakeScratch/TryCompile-mUQjmQ/build
    cd /Users/jmattiello/Workspace/Provenance/Provenance/Cores/Dolphin/cmake/CMakeFiles/CMakeScratch/TryCompile-mUQjmQ/CMAKE_TRY_COMPILE.xcodeproj
    builtin-create-build-directory /Users/jmattiello/Workspace/Provenance/Provenance/Cores/Dolphin/cmake/CMakeFiles/CMakeScratch/TryCompile-mUQjmQ/build

CreateBuildDirectory /Users/jmattiello/Workspace/Provenance/Provenance/Cores/Dolphin/cmake/CMakeFiles/CMakeScratch/TryCompile-mUQjmQ/Debug
    cd /Users/jmattiello/Workspace/Provenance/Provenance/Cores/Dolphin/cmake/CMakeFiles/CMakeScratch/TryCompile-mUQjmQ/CMAKE_TRY_COMPILE.xcodeproj
    builtin-create-build-directory /Users/jmattiello/Workspace/Provenance/Provenance/Cores/Dolphin/cmake/CMakeFiles/CMakeScratch/TryCompile-mUQjmQ/Debug

CreateBuildDirectory /Users/jmattiello/Workspace/Provenance/Provenance/Cores/Dolphin/cmake/CMakeFiles/CMakeScratch/TryCompile-mUQjmQ/build/EagerLinkingTBDs
    cd /Users/jmattiello/Workspace/Provenance/Provenance/Cores/Dolphin/cmake/CMakeFiles/CMakeScratch/TryCompile-mUQjmQ/CMAKE_TRY_COMPILE.xcodeproj
    builtin-create-build-directory /Users/jmattiello/Workspace/Provenance/Provenance/Cores/Dolphin/cmake/CMakeFiles/CMakeScratch/TryCompile-mUQjmQ/build/EagerLinkingTBDs

CompileC /Users/jmattiello/Workspace/Provenance/Provenance/Cores/Dolphin/cmake/CMakeFiles/CMakeScratch/TryCompile-mUQjmQ/build/cmTC_dcc7b.build/Debug-iphoneos/Objects-normal/arm64/src.o /Users/jmattiello/Workspace/Provenance/Provenance/Cores/Dolphin/cmake/CMakeFiles/CMakeScratch/TryCompile-mUQjmQ/src.c normal arm64 c com.apple.compilers.llvm.clang.1_0.compiler (in target 'cmTC_dcc7b' from project 'CMAKE_TRY_COMPILE')
    cd /Users/jmattiello/Workspace/Provenance/Provenance/Cores/Dolphin/cmake/CMakeFiles/CMakeScratch/TryCompile-mUQjmQ
    /Applications/Xcode-14.2.app/Contents/Developer/Toolchains/XcodeDefault.xctoolchain/usr/bin/clang -x c -target arm64-apple-ios13.0 -fmessage-length\=0 -fdiagnostics-show-note-include-stack -fmacro-backtrace-limit\=0 -Wno-trigraphs -fpascal-strings -O0 -Wno-missing-field-initializers -Wno-missing-prototypes -Wno-return-type -Wno-missing-braces -Wparentheses -Wswitch -Wno-unused-function -Wno-unused-label -Wno-unused-parameter -Wno-unused-variable -Wunused-value -Wno-empty-body -Wno-uninitialized -Wno-unknown-pragmas -Wno-shadow -Wno-four-char-constants -Wno-conversion -Wno-constant-conversion -Wno-int-conversion -Wno-bool-conversion -Wno-enum-conversion -Wno-float-conversion -Wno-non-literal-null-conversion -Wno-objc-literal-conversion -Wshorten-64-to-32 -Wpointer-sign -Wno-newline-eof -Wno-implicit-fallthrough -DCMAKE_INTDIR\=\"Debug-iphoneos\" -DFLAG_C_CXX11 -isysroot /Applications/Xcode-14.2.app/Contents/Developer/Platforms/iPhoneOS.platform/Developer/SDKs/iPhoneOS16.2.sdk -fstrict-aliasing -Wdeprecated-declarations -g -Wno-sign-conversion -Wno-infinite-recursion -Wno-comma -Wno-block-capture-autoreleasing -Wno-strict-prototypes -Wno-semicolon-before-method-body -I/Users/jmattiello/Workspace/Provenance/Provenance/Cores/Dolphin/cmake/CMakeFiles/CMakeScratch/TryCompile-mUQjmQ/Debug/include -I/Users/jmattiello/Workspace/Provenance/Provenance/Cores/Dolphin/cmake/CMakeFiles/CMakeScratch/TryCompile-mUQjmQ/build/cmTC_dcc7b.build/Debug-iphoneos/DerivedSources-normal/arm64 -I/Users/jmattiello/Workspace/Provenance/Provenance/Cores/Dolphin/cmake/CMakeFiles/CMakeScratch/TryCompile-mUQjmQ/build/cmTC_dcc7b.build/Debug-iphoneos/DerivedSources/arm64 -I/Users/jmattiello/Workspace/Provenance/Provenance/Cores/Dolphin/cmake/CMakeFiles/CMakeScratch/TryCompile-mUQjmQ/build/cmTC_dcc7b.build/Debug-iphoneos/DerivedSources -F/Users/jmattiello/Workspace/Provenance/Provenance/Cores/Dolphin/cmake/CMakeFiles/CMakeScratch/TryCompile-mUQjmQ/Debug -Werror -std\=c++11 -MMD -MT dependencies -MF /Users/jmattiello/Workspace/Provenance/Provenance/Cores/Dolphin/cmake/CMakeFiles/CMakeScratch/TryCompile-mUQjmQ/build/cmTC_dcc7b.build/Debug-iphoneos/Objects-normal/arm64/src.d --serialize-diagnostics /Users/jmattiello/Workspace/Provenance/Provenance/Cores/Dolphin/cmake/CMakeFiles/CMakeScratch/TryCompile-mUQjmQ/build/cmTC_dcc7b.build/Debug-iphoneos/Objects-normal/arm64/src.dia -c /Users/jmattiello/Workspace/Provenance/Provenance/Cores/Dolphin/cmake/CMakeFiles/CMakeScratch/TryCompile-mUQjmQ/src.c -o /Users/jmattiello/Workspace/Provenance/Provenance/Cores/Dolphin/cmake/CMakeFiles/CMakeScratch/TryCompile-mUQjmQ/build/cmTC_dcc7b.build/Debug-iphoneos/Objects-normal/arm64/src.o
error: invalid argument '-std=c++11' not allowed with 'C'
/Users/jmattiello/Workspace/Provenance/Provenance/Cores/Dolphin/cmake/CMakeFiles/CMakeScratch/TryCompile-mUQjmQ/build/cmTC_dcc7b.build/Debug-iphoneos/Objects-normal/arm64/src.dia:1:1: warning: Could not read serialized diagnostics file: error("Failed to open diagnostics file") (in target 'cmTC_dcc7b' from project 'CMAKE_TRY_COMPILE')
Command CompileC failed with a nonzero exit code

WriteAuxiliaryFile /Users/jmattiello/Workspace/Provenance/Provenance/Cores/Dolphin/cmake/CMakeFiles/CMakeScratch/TryCompile-mUQjmQ/build/cmTC_dcc7b.build/Debug-iphoneos/Objects-normal/arm64/cmTC_dcc7b.LinkFileList (in target 'cmTC_dcc7b' from project 'CMAKE_TRY_COMPILE')
    cd /Users/jmattiello/Workspace/Provenance/Provenance/Cores/Dolphin/cmake/CMakeFiles/CMakeScratch/TryCompile-mUQjmQ
    write-file /Users/jmattiello/Workspace/Provenance/Provenance/Cores/Dolphin/cmake/CMakeFiles/CMakeScratch/TryCompile-mUQjmQ/build/cmTC_dcc7b.build/Debug-iphoneos/Objects-normal/arm64/cmTC_dcc7b.LinkFileList

** BUILD FAILED **


The following build commands failed:
	CompileC /Users/jmattiello/Workspace/Provenance/Provenance/Cores/Dolphin/cmake/CMakeFiles/CMakeScratch/TryCompile-mUQjmQ/build/cmTC_dcc7b.build/Debug-iphoneos/Objects-normal/arm64/src.o /Users/jmattiello/Workspace/Provenance/Provenance/Cores/Dolphin/cmake/CMakeFiles/CMakeScratch/TryCompile-mUQjmQ/src.c normal arm64 c com.apple.compilers.llvm.clang.1_0.compiler (in target 'cmTC_dcc7b' from project 'CMAKE_TRY_COMPILE')
(1 failure)


Source file was:
int main(void) { return 0; }

Determining if the include file lzma.h exists failed with the following output:
Change Dir: /Users/jmattiello/Workspace/Provenance/Provenance/Cores/Dolphin/cmake/CMakeFiles/CMakeScratch/TryCompile-JeTnGt

Run Build Command(s):/usr/bin/xcodebuild -project CMAKE_TRY_COMPILE.xcodeproj build -target cmTC_b75a0 -parallelizeTargets -configuration Debug -hideShellScriptEnvironment && Command line invocation:
    /Applications/Xcode-14.2.app/Contents/Developer/usr/bin/xcodebuild -project CMAKE_TRY_COMPILE.xcodeproj build -target cmTC_b75a0 -parallelizeTargets -configuration Debug -hideShellScriptEnvironment

User defaults from command line:
    HideShellScriptEnvironment = YES
    IDEPackageSupportUseBuiltinSCM = YES

Computing target dependency graph and provisioning inputs

Create build description
Build description signature: 6db7063efda77fdd3eed8933b22cc494
Build description path: /Users/jmattiello/Workspace/Provenance/Provenance/Cores/Dolphin/cmake/CMakeFiles/CMakeScratch/TryCompile-JeTnGt/build/XCBuildData/6db7063efda77fdd3eed8933b22cc494-desc.xcbuild

note: Building targets in dependency order
CreateBuildDirectory /Users/jmattiello/Workspace/Provenance/Provenance/Cores/Dolphin/cmake/CMakeFiles/CMakeScratch/TryCompile-JeTnGt/Debug
    cd /Users/jmattiello/Workspace/Provenance/Provenance/Cores/Dolphin/cmake/CMakeFiles/CMakeScratch/TryCompile-JeTnGt/CMAKE_TRY_COMPILE.xcodeproj
    builtin-create-build-directory /Users/jmattiello/Workspace/Provenance/Provenance/Cores/Dolphin/cmake/CMakeFiles/CMakeScratch/TryCompile-JeTnGt/Debug

CreateBuildDirectory /Users/jmattiello/Workspace/Provenance/Provenance/Cores/Dolphin/cmake/CMakeFiles/CMakeScratch/TryCompile-JeTnGt/build
    cd /Users/jmattiello/Workspace/Provenance/Provenance/Cores/Dolphin/cmake/CMakeFiles/CMakeScratch/TryCompile-JeTnGt/CMAKE_TRY_COMPILE.xcodeproj
    builtin-create-build-directory /Users/jmattiello/Workspace/Provenance/Provenance/Cores/Dolphin/cmake/CMakeFiles/CMakeScratch/TryCompile-JeTnGt/build

CreateBuildDirectory /Users/jmattiello/Workspace/Provenance/Provenance/Cores/Dolphin/cmake/CMakeFiles/CMakeScratch/TryCompile-JeTnGt/build/EagerLinkingTBDs
    cd /Users/jmattiello/Workspace/Provenance/Provenance/Cores/Dolphin/cmake/CMakeFiles/CMakeScratch/TryCompile-JeTnGt/CMAKE_TRY_COMPILE.xcodeproj
    builtin-create-build-directory /Users/jmattiello/Workspace/Provenance/Provenance/Cores/Dolphin/cmake/CMakeFiles/CMakeScratch/TryCompile-JeTnGt/build/EagerLinkingTBDs

WriteAuxiliaryFile /Users/jmattiello/Workspace/Provenance/Provenance/Cores/Dolphin/cmake/CMakeFiles/CMakeScratch/TryCompile-JeTnGt/build/cmTC_b75a0.build/Debug-iphoneos/Objects-normal/arm64/cmTC_b75a0.LinkFileList (in target 'cmTC_b75a0' from project 'CMAKE_TRY_COMPILE')
    cd /Users/jmattiello/Workspace/Provenance/Provenance/Cores/Dolphin/cmake/CMakeFiles/CMakeScratch/TryCompile-JeTnGt
    write-file /Users/jmattiello/Workspace/Provenance/Provenance/Cores/Dolphin/cmake/CMakeFiles/CMakeScratch/TryCompile-JeTnGt/build/cmTC_b75a0.build/Debug-iphoneos/Objects-normal/arm64/cmTC_b75a0.LinkFileList

CompileC /Users/jmattiello/Workspace/Provenance/Provenance/Cores/Dolphin/cmake/CMakeFiles/CMakeScratch/TryCompile-JeTnGt/build/cmTC_b75a0.build/Debug-iphoneos/Objects-normal/arm64/CheckIncludeFile.o /Users/jmattiello/Workspace/Provenance/Provenance/Cores/Dolphin/cmake/CMakeFiles/CMakeScratch/TryCompile-JeTnGt/CheckIncludeFile.c normal arm64 c com.apple.compilers.llvm.clang.1_0.compiler (in target 'cmTC_b75a0' from project 'CMAKE_TRY_COMPILE')
    cd /Users/jmattiello/Workspace/Provenance/Provenance/Cores/Dolphin/cmake/CMakeFiles/CMakeScratch/TryCompile-JeTnGt
    /Applications/Xcode-14.2.app/Contents/Developer/Toolchains/XcodeDefault.xctoolchain/usr/bin/clang -x c -target arm64-apple-ios13.0 -fmessage-length\=0 -fdiagnostics-show-note-include-stack -fmacro-backtrace-limit\=0 -Wno-trigraphs -fpascal-strings -O0 -Wno-missing-field-initializers -Wno-missing-prototypes -Wno-return-type -Wno-missing-braces -Wparentheses -Wswitch -Wno-unused-function -Wno-unused-label -Wno-unused-parameter -Wno-unused-variable -Wunused-value -Wno-empty-body -Wno-uninitialized -Wno-unknown-pragmas -Wno-shadow -Wno-four-char-constants -Wno-conversion -Wno-constant-conversion -Wno-int-conversion -Wno-bool-conversion -Wno-enum-conversion -Wno-float-conversion -Wno-non-literal-null-conversion -Wno-objc-literal-conversion -Wshorten-64-to-32 -Wpointer-sign -Wno-newline-eof -Wno-implicit-fallthrough -DCMAKE_INTDIR\=\"Debug-iphoneos\" -isysroot /Applications/Xcode-14.2.app/Contents/Developer/Platforms/iPhoneOS.platform/Developer/SDKs/iPhoneOS16.2.sdk -fstrict-aliasing -Wdeprecated-declarations -g -Wno-sign-conversion -Wno-infinite-recursion -Wno-comma -Wno-block-capture-autoreleasing -Wno-strict-prototypes -Wno-semicolon-before-method-body -I/Users/jmattiello/Workspace/Provenance/Provenance/Cores/Dolphin/cmake/CMakeFiles/CMakeScratch/TryCompile-JeTnGt/Debug/include -I/Users/jmattiello/Workspace/Provenance/Provenance/Cores/Dolphin/cmake/CMakeFiles/CMakeScratch/TryCompile-JeTnGt/build/cmTC_b75a0.build/Debug-iphoneos/DerivedSources-normal/arm64 -I/Users/jmattiello/Workspace/Provenance/Provenance/Cores/Dolphin/cmake/CMakeFiles/CMakeScratch/TryCompile-JeTnGt/build/cmTC_b75a0.build/Debug-iphoneos/DerivedSources/arm64 -I/Users/jmattiello/Workspace/Provenance/Provenance/Cores/Dolphin/cmake/CMakeFiles/CMakeScratch/TryCompile-JeTnGt/build/cmTC_b75a0.build/Debug-iphoneos/DerivedSources -F/Users/jmattiello/Workspace/Provenance/Provenance/Cores/Dolphin/cmake/CMakeFiles/CMakeScratch/TryCompile-JeTnGt/Debug -MMD -MT dependencies -MF /Users/jmattiello/Workspace/Provenance/Provenance/Cores/Dolphin/cmake/CMakeFiles/CMakeScratch/TryCompile-JeTnGt/build/cmTC_b75a0.build/Debug-iphoneos/Objects-normal/arm64/CheckIncludeFile.d --serialize-diagnostics /Users/jmattiello/Workspace/Provenance/Provenance/Cores/Dolphin/cmake/CMakeFiles/CMakeScratch/TryCompile-JeTnGt/build/cmTC_b75a0.build/Debug-iphoneos/Objects-normal/arm64/CheckIncludeFile.dia -c /Users/jmattiello/Workspace/Provenance/Provenance/Cores/Dolphin/cmake/CMakeFiles/CMakeScratch/TryCompile-JeTnGt/CheckIncludeFile.c -o /Users/jmattiello/Workspace/Provenance/Provenance/Cores/Dolphin/cmake/CMakeFiles/CMakeScratch/TryCompile-JeTnGt/build/cmTC_b75a0.build/Debug-iphoneos/Objects-normal/arm64/CheckIncludeFile.o
/Users/jmattiello/Workspace/Provenance/Provenance/Cores/Dolphin/cmake/CMakeFiles/CMakeScratch/TryCompile-JeTnGt/CheckIncludeFile.c:1:10: fatal error: 'lzma.h' file not found
#include <lzma.h>
         ^~~~~~~~
1 error generated.

** BUILD FAILED **


The following build commands failed:
	CompileC /Users/jmattiello/Workspace/Provenance/Provenance/Cores/Dolphin/cmake/CMakeFiles/CMakeScratch/TryCompile-JeTnGt/build/cmTC_b75a0.build/Debug-iphoneos/Objects-normal/arm64/CheckIncludeFile.o /Users/jmattiello/Workspace/Provenance/Provenance/Cores/Dolphin/cmake/CMakeFiles/CMakeScratch/TryCompile-JeTnGt/CheckIncludeFile.c normal arm64 c com.apple.compilers.llvm.clang.1_0.compiler (in target 'cmTC_b75a0' from project 'CMAKE_TRY_COMPILE')
(1 failure)



Determining size of off64_t failed with the following output:
Change Dir: /Users/jmattiello/Workspace/Provenance/Provenance/Cores/Dolphin/cmake/CMakeFiles/CMakeScratch/TryCompile-XLjn0F

Run Build Command(s):/usr/bin/xcodebuild -project CMAKE_TRY_COMPILE.xcodeproj build -target cmTC_896b5 -parallelizeTargets -configuration Debug -hideShellScriptEnvironment && Command line invocation:
    /Applications/Xcode-14.2.app/Contents/Developer/usr/bin/xcodebuild -project CMAKE_TRY_COMPILE.xcodeproj build -target cmTC_896b5 -parallelizeTargets -configuration Debug -hideShellScriptEnvironment

User defaults from command line:
    HideShellScriptEnvironment = YES
    IDEPackageSupportUseBuiltinSCM = YES

Computing target dependency graph and provisioning inputs

Create build description
Build description signature: b96c77b44ad71e3cdd0f5ab645916a17
Build description path: /Users/jmattiello/Workspace/Provenance/Provenance/Cores/Dolphin/cmake/CMakeFiles/CMakeScratch/TryCompile-XLjn0F/build/XCBuildData/b96c77b44ad71e3cdd0f5ab645916a17-desc.xcbuild

note: Building targets in dependency order
CreateBuildDirectory /Users/jmattiello/Workspace/Provenance/Provenance/Cores/Dolphin/cmake/CMakeFiles/CMakeScratch/TryCompile-XLjn0F/build
    cd /Users/jmattiello/Workspace/Provenance/Provenance/Cores/Dolphin/cmake/CMakeFiles/CMakeScratch/TryCompile-XLjn0F/CMAKE_TRY_COMPILE.xcodeproj
    builtin-create-build-directory /Users/jmattiello/Workspace/Provenance/Provenance/Cores/Dolphin/cmake/CMakeFiles/CMakeScratch/TryCompile-XLjn0F/build

CreateBuildDirectory /Users/jmattiello/Workspace/Provenance/Provenance/Cores/Dolphin/cmake/CMakeFiles/CMakeScratch/TryCompile-XLjn0F/Debug
    cd /Users/jmattiello/Workspace/Provenance/Provenance/Cores/Dolphin/cmake/CMakeFiles/CMakeScratch/TryCompile-XLjn0F/CMAKE_TRY_COMPILE.xcodeproj
    builtin-create-build-directory /Users/jmattiello/Workspace/Provenance/Provenance/Cores/Dolphin/cmake/CMakeFiles/CMakeScratch/TryCompile-XLjn0F/Debug

CreateBuildDirectory /Users/jmattiello/Workspace/Provenance/Provenance/Cores/Dolphin/cmake/CMakeFiles/CMakeScratch/TryCompile-XLjn0F/build/EagerLinkingTBDs
    cd /Users/jmattiello/Workspace/Provenance/Provenance/Cores/Dolphin/cmake/CMakeFiles/CMakeScratch/TryCompile-XLjn0F/CMAKE_TRY_COMPILE.xcodeproj
    builtin-create-build-directory /Users/jmattiello/Workspace/Provenance/Provenance/Cores/Dolphin/cmake/CMakeFiles/CMakeScratch/TryCompile-XLjn0F/build/EagerLinkingTBDs

WriteAuxiliaryFile /Users/jmattiello/Workspace/Provenance/Provenance/Cores/Dolphin/cmake/CMakeFiles/CMakeScratch/TryCompile-XLjn0F/build/cmTC_896b5.build/Debug-iphoneos/Objects-normal/arm64/cmTC_896b5.LinkFileList (in target 'cmTC_896b5' from project 'CMAKE_TRY_COMPILE')
    cd /Users/jmattiello/Workspace/Provenance/Provenance/Cores/Dolphin/cmake/CMakeFiles/CMakeScratch/TryCompile-XLjn0F
    write-file /Users/jmattiello/Workspace/Provenance/Provenance/Cores/Dolphin/cmake/CMakeFiles/CMakeScratch/TryCompile-XLjn0F/build/cmTC_896b5.build/Debug-iphoneos/Objects-normal/arm64/cmTC_896b5.LinkFileList

CompileC /Users/jmattiello/Workspace/Provenance/Provenance/Cores/Dolphin/cmake/CMakeFiles/CMakeScratch/TryCompile-XLjn0F/build/cmTC_896b5.build/Debug-iphoneos/Objects-normal/arm64/OFF64_T.o /Users/jmattiello/Workspace/Provenance/Provenance/Cores/Dolphin/cmake/CMakeFiles/CMakeScratch/TryCompile-XLjn0F/OFF64_T.c normal arm64 c com.apple.compilers.llvm.clang.1_0.compiler (in target 'cmTC_896b5' from project 'CMAKE_TRY_COMPILE')
    cd /Users/jmattiello/Workspace/Provenance/Provenance/Cores/Dolphin/cmake/CMakeFiles/CMakeScratch/TryCompile-XLjn0F
    /Applications/Xcode-14.2.app/Contents/Developer/Toolchains/XcodeDefault.xctoolchain/usr/bin/clang -x c -target arm64-apple-ios13.0 -fmessage-length\=0 -fdiagnostics-show-note-include-stack -fmacro-backtrace-limit\=0 -Wno-trigraphs -fpascal-strings -O0 -Wno-missing-field-initializers -Wno-missing-prototypes -Wno-return-type -Wno-missing-braces -Wparentheses -Wswitch -Wno-unused-function -Wno-unused-label -Wno-unused-parameter -Wno-unused-variable -Wunused-value -Wno-empty-body -Wno-uninitialized -Wno-unknown-pragmas -Wno-shadow -Wno-four-char-constants -Wno-conversion -Wno-constant-conversion -Wno-int-conversion -Wno-bool-conversion -Wno-enum-conversion -Wno-float-conversion -Wno-non-literal-null-conversion -Wno-objc-literal-conversion -Wshorten-64-to-32 -Wpointer-sign -Wno-newline-eof -Wno-implicit-fallthrough -DCMAKE_INTDIR\=\"Debug-iphoneos\" -D_LARGEFILE64_SOURCE\=1 -DHAVE_SYS_TYPES_H -DHAVE_STDINT_H -DHAVE_STDDEF_H -isysroot /Applications/Xcode-14.2.app/Contents/Developer/Platforms/iPhoneOS.platform/Developer/SDKs/iPhoneOS16.2.sdk -fstrict-aliasing -Wdeprecated-declarations -g -Wno-sign-conversion -Wno-infinite-recursion -Wno-comma -Wno-block-capture-autoreleasing -Wno-strict-prototypes -Wno-semicolon-before-method-body -I/Users/jmattiello/Workspace/Provenance/Provenance/Cores/Dolphin/cmake/CMakeFiles/CMakeScratch/TryCompile-XLjn0F/Debug/include -I/Users/jmattiello/Workspace/Provenance/Provenance/Cores/Dolphin/cmake/CMakeFiles/CMakeScratch/TryCompile-XLjn0F/build/cmTC_896b5.build/Debug-iphoneos/DerivedSources-normal/arm64 -I/Users/jmattiello/Workspace/Provenance/Provenance/Cores/Dolphin/cmake/CMakeFiles/CMakeScratch/TryCompile-XLjn0F/build/cmTC_896b5.build/Debug-iphoneos/DerivedSources/arm64 -I/Users/jmattiello/Workspace/Provenance/Provenance/Cores/Dolphin/cmake/CMakeFiles/CMakeScratch/TryCompile-XLjn0F/build/cmTC_896b5.build/Debug-iphoneos/DerivedSources -F/Users/jmattiello/Workspace/Provenance/Provenance/Cores/Dolphin/cmake/CMakeFiles/CMakeScratch/TryCompile-XLjn0F/Debug -MMD -MT dependencies -MF /Users/jmattiello/Workspace/Provenance/Provenance/Cores/Dolphin/cmake/CMakeFiles/CMakeScratch/TryCompile-XLjn0F/build/cmTC_896b5.build/Debug-iphoneos/Objects-normal/arm64/OFF64_T.d --serialize-diagnostics /Users/jmattiello/Workspace/Provenance/Provenance/Cores/Dolphin/cmake/CMakeFiles/CMakeScratch/TryCompile-XLjn0F/build/cmTC_896b5.build/Debug-iphoneos/Objects-normal/arm64/OFF64_T.dia -c /Users/jmattiello/Workspace/Provenance/Provenance/Cores/Dolphin/cmake/CMakeFiles/CMakeScratch/TryCompile-XLjn0F/OFF64_T.c -o /Users/jmattiello/Workspace/Provenance/Provenance/Cores/Dolphin/cmake/CMakeFiles/CMakeScratch/TryCompile-XLjn0F/build/cmTC_896b5.build/Debug-iphoneos/Objects-normal/arm64/OFF64_T.o
/Users/jmattiello/Workspace/Provenance/Provenance/Cores/Dolphin/cmake/CMakeFiles/CMakeScratch/TryCompile-XLjn0F/OFF64_T.c:29:12: error: use of undeclared identifier 'off64_t'
  ('0' + ((SIZE / 10000)%10)),
           ^
/Users/jmattiello/Workspace/Provenance/Provenance/Cores/Dolphin/cmake/CMakeFiles/CMakeScratch/TryCompile-XLjn0F/OFF64_T.c:27:22: note: expanded from macro 'SIZE'
#define SIZE (sizeof(off64_t))
                     ^
/Users/jmattiello/Workspace/Provenance/Provenance/Cores/Dolphin/cmake/CMakeFiles/CMakeScratch/TryCompile-XLjn0F/OFF64_T.c:30:12: error: use of undeclared identifier 'off64_t'
  ('0' + ((SIZE / 1000)%10)),
           ^
/Users/jmattiello/Workspace/Provenance/Provenance/Cores/Dolphin/cmake/CMakeFiles/CMakeScratch/TryCompile-XLjn0F/OFF64_T.c:27:22: note: expanded from macro 'SIZE'
#define SIZE (sizeof(off64_t))
                     ^
/Users/jmattiello/Workspace/Provenance/Provenance/Cores/Dolphin/cmake/CMakeFiles/CMakeScratch/TryCompile-XLjn0F/OFF64_T.c:31:12: error: use of undeclared identifier 'off64_t'
  ('0' + ((SIZE / 100)%10)),
           ^
/Users/jmattiello/Workspace/Provenance/Provenance/Cores/Dolphin/cmake/CMakeFiles/CMakeScratch/TryCompile-XLjn0F/OFF64_T.c:27:22: note: expanded from macro 'SIZE'
#define SIZE (sizeof(off64_t))
                     ^
/Users/jmattiello/Workspace/Provenance/Provenance/Cores/Dolphin/cmake/CMakeFiles/CMakeScratch/TryCompile-XLjn0F/OFF64_T.c:32:12: error: use of undeclared identifier 'off64_t'
  ('0' + ((SIZE / 10)%10)),
           ^
/Users/jmattiello/Workspace/Provenance/Provenance/Cores/Dolphin/cmake/CMakeFiles/CMakeScratch/TryCompile-XLjn0F/OFF64_T.c:27:22: note: expanded from macro 'SIZE'
#define SIZE (sizeof(off64_t))
                     ^
/Users/jmattiello/Workspace/Provenance/Provenance/Cores/Dolphin/cmake/CMakeFiles/CMakeScratch/TryCompile-XLjn0F/OFF64_T.c:33:12: error: use of undeclared identifier 'off64_t'
  ('0' +  (SIZE    % 10)),
           ^
/Users/jmattiello/Workspace/Provenance/Provenance/Cores/Dolphin/cmake/CMakeFiles/CMakeScratch/TryCompile-XLjn0F/OFF64_T.c:27:22: note: expanded from macro 'SIZE'
#define SIZE (sizeof(off64_t))
                     ^
5 errors generated.

** BUILD FAILED **


The following build commands failed:
	CompileC /Users/jmattiello/Workspace/Provenance/Provenance/Cores/Dolphin/cmake/CMakeFiles/CMakeScratch/TryCompile-XLjn0F/build/cmTC_896b5.build/Debug-iphoneos/Objects-normal/arm64/OFF64_T.o /Users/jmattiello/Workspace/Provenance/Provenance/Cores/Dolphin/cmake/CMakeFiles/CMakeScratch/TryCompile-XLjn0F/OFF64_T.c normal arm64 c com.apple.compilers.llvm.clang.1_0.compiler (in target 'cmTC_896b5' from project 'CMAKE_TRY_COMPILE')
(1 failure)


OFF64_T.c:
#include <sys/types.h>
#include <stdint.h>
#include <stddef.h>


#undef KEY
#if defined(__i386)
# define KEY '_','_','i','3','8','6'
#elif defined(__x86_64)
# define KEY '_','_','x','8','6','_','6','4'
#elif defined(__PPC64__)
# define KEY '_','_','P','P','C','6','4','_','_'
#elif defined(__ppc64__)
# define KEY '_','_','p','p','c','6','4','_','_'
#elif defined(__PPC__)
# define KEY '_','_','P','P','C','_','_'
#elif defined(__ppc__)
# define KEY '_','_','p','p','c','_','_'
#elif defined(__aarch64__)
# define KEY '_','_','a','a','r','c','h','6','4','_','_'
#elif defined(__ARM_ARCH_7A__)
# define KEY '_','_','A','R','M','_','A','R','C','H','_','7','A','_','_'
#elif defined(__ARM_ARCH_7S__)
# define KEY '_','_','A','R','M','_','A','R','C','H','_','7','S','_','_'
#endif

#define SIZE (sizeof(off64_t))
static char info_size[] =  {'I', 'N', 'F', 'O', ':', 's','i','z','e','[',
  ('0' + ((SIZE / 10000)%10)),
  ('0' + ((SIZE / 1000)%10)),
  ('0' + ((SIZE / 100)%10)),
  ('0' + ((SIZE / 10)%10)),
  ('0' +  (SIZE    % 10)),
  ']',
#ifdef KEY
  ' ','k','e','y','[', KEY, ']',
#endif
  '\0'};

#ifdef __CLASSIC_C__
int main(argc, argv) int argc; char *argv[];
#else
int main(int argc, char *argv[])
#endif
{
  int require = 0;
  require += info_size[argc];
  (void)argv;
  return require;
}


Determining if the include file zstd.h exists failed with the following output:
Change Dir: /Users/jmattiello/Workspace/Provenance/Provenance/Cores/Dolphin/cmake/CMakeFiles/CMakeScratch/TryCompile-AU3rqO

Run Build Command(s):/usr/bin/xcodebuild -project CMAKE_TRY_COMPILE.xcodeproj build -target cmTC_24c7a -parallelizeTargets -configuration Debug -hideShellScriptEnvironment && Command line invocation:
    /Applications/Xcode-14.2.app/Contents/Developer/usr/bin/xcodebuild -project CMAKE_TRY_COMPILE.xcodeproj build -target cmTC_24c7a -parallelizeTargets -configuration Debug -hideShellScriptEnvironment

User defaults from command line:
    HideShellScriptEnvironment = YES
    IDEPackageSupportUseBuiltinSCM = YES

Computing target dependency graph and provisioning inputs

Create build description
Build description signature: bc5dcfe2acbb7fc38ef94b4a5dd67af3
Build description path: /Users/jmattiello/Workspace/Provenance/Provenance/Cores/Dolphin/cmake/CMakeFiles/CMakeScratch/TryCompile-AU3rqO/build/XCBuildData/bc5dcfe2acbb7fc38ef94b4a5dd67af3-desc.xcbuild

note: Building targets in dependency order
CreateBuildDirectory /Users/jmattiello/Workspace/Provenance/Provenance/Cores/Dolphin/cmake/CMakeFiles/CMakeScratch/TryCompile-AU3rqO/build
    cd /Users/jmattiello/Workspace/Provenance/Provenance/Cores/Dolphin/cmake/CMakeFiles/CMakeScratch/TryCompile-AU3rqO/CMAKE_TRY_COMPILE.xcodeproj
    builtin-create-build-directory /Users/jmattiello/Workspace/Provenance/Provenance/Cores/Dolphin/cmake/CMakeFiles/CMakeScratch/TryCompile-AU3rqO/build

CreateBuildDirectory /Users/jmattiello/Workspace/Provenance/Provenance/Cores/Dolphin/cmake/CMakeFiles/CMakeScratch/TryCompile-AU3rqO/Debug
    cd /Users/jmattiello/Workspace/Provenance/Provenance/Cores/Dolphin/cmake/CMakeFiles/CMakeScratch/TryCompile-AU3rqO/CMAKE_TRY_COMPILE.xcodeproj
    builtin-create-build-directory /Users/jmattiello/Workspace/Provenance/Provenance/Cores/Dolphin/cmake/CMakeFiles/CMakeScratch/TryCompile-AU3rqO/Debug

CreateBuildDirectory /Users/jmattiello/Workspace/Provenance/Provenance/Cores/Dolphin/cmake/CMakeFiles/CMakeScratch/TryCompile-AU3rqO/build/EagerLinkingTBDs
    cd /Users/jmattiello/Workspace/Provenance/Provenance/Cores/Dolphin/cmake/CMakeFiles/CMakeScratch/TryCompile-AU3rqO/CMAKE_TRY_COMPILE.xcodeproj
    builtin-create-build-directory /Users/jmattiello/Workspace/Provenance/Provenance/Cores/Dolphin/cmake/CMakeFiles/CMakeScratch/TryCompile-AU3rqO/build/EagerLinkingTBDs

CompileC /Users/jmattiello/Workspace/Provenance/Provenance/Cores/Dolphin/cmake/CMakeFiles/CMakeScratch/TryCompile-AU3rqO/build/cmTC_24c7a.build/Debug-iphoneos/Objects-normal/arm64/CheckIncludeFile.o /Users/jmattiello/Workspace/Provenance/Provenance/Cores/Dolphin/cmake/CMakeFiles/CMakeScratch/TryCompile-AU3rqO/CheckIncludeFile.c normal arm64 c com.apple.compilers.llvm.clang.1_0.compiler (in target 'cmTC_24c7a' from project 'CMAKE_TRY_COMPILE')
    cd /Users/jmattiello/Workspace/Provenance/Provenance/Cores/Dolphin/cmake/CMakeFiles/CMakeScratch/TryCompile-AU3rqO
    /Applications/Xcode-14.2.app/Contents/Developer/Toolchains/XcodeDefault.xctoolchain/usr/bin/clang -x c -target arm64-apple-ios13.0 -fmessage-length\=0 -fdiagnostics-show-note-include-stack -fmacro-backtrace-limit\=0 -Wno-trigraphs -fpascal-strings -O0 -Wno-missing-field-initializers -Wno-missing-prototypes -Wno-return-type -Wno-missing-braces -Wparentheses -Wswitch -Wno-unused-function -Wno-unused-label -Wno-unused-parameter -Wno-unused-variable -Wunused-value -Wno-empty-body -Wno-uninitialized -Wno-unknown-pragmas -Wno-shadow -Wno-four-char-constants -Wno-conversion -Wno-constant-conversion -Wno-int-conversion -Wno-bool-conversion -Wno-enum-conversion -Wno-float-conversion -Wno-non-literal-null-conversion -Wno-objc-literal-conversion -Wshorten-64-to-32 -Wpointer-sign -Wno-newline-eof -Wno-implicit-fallthrough -DCMAKE_INTDIR\=\"Debug-iphoneos\" -isysroot /Applications/Xcode-14.2.app/Contents/Developer/Platforms/iPhoneOS.platform/Developer/SDKs/iPhoneOS16.2.sdk -fstrict-aliasing -Wdeprecated-declarations -g -Wno-sign-conversion -Wno-infinite-recursion -Wno-comma -Wno-block-capture-autoreleasing -Wno-strict-prototypes -Wno-semicolon-before-method-body -I/Users/jmattiello/Workspace/Provenance/Provenance/Cores/Dolphin/cmake/CMakeFiles/CMakeScratch/TryCompile-AU3rqO/Debug/include -I/Users/jmattiello/Workspace/Provenance/Provenance/Cores/Dolphin/cmake/CMakeFiles/CMakeScratch/TryCompile-AU3rqO/build/cmTC_24c7a.build/Debug-iphoneos/DerivedSources-normal/arm64 -I/Users/jmattiello/Workspace/Provenance/Provenance/Cores/Dolphin/cmake/CMakeFiles/CMakeScratch/TryCompile-AU3rqO/build/cmTC_24c7a.build/Debug-iphoneos/DerivedSources/arm64 -I/Users/jmattiello/Workspace/Provenance/Provenance/Cores/Dolphin/cmake/CMakeFiles/CMakeScratch/TryCompile-AU3rqO/build/cmTC_24c7a.build/Debug-iphoneos/DerivedSources -F/Users/jmattiello/Workspace/Provenance/Provenance/Cores/Dolphin/cmake/CMakeFiles/CMakeScratch/TryCompile-AU3rqO/Debug -MMD -MT dependencies -MF /Users/jmattiello/Workspace/Provenance/Provenance/Cores/Dolphin/cmake/CMakeFiles/CMakeScratch/TryCompile-AU3rqO/build/cmTC_24c7a.build/Debug-iphoneos/Objects-normal/arm64/CheckIncludeFile.d --serialize-diagnostics /Users/jmattiello/Workspace/Provenance/Provenance/Cores/Dolphin/cmake/CMakeFiles/CMakeScratch/TryCompile-AU3rqO/build/cmTC_24c7a.build/Debug-iphoneos/Objects-normal/arm64/CheckIncludeFile.dia -c /Users/jmattiello/Workspace/Provenance/Provenance/Cores/Dolphin/cmake/CMakeFiles/CMakeScratch/TryCompile-AU3rqO/CheckIncludeFile.c -o /Users/jmattiello/Workspace/Provenance/Provenance/Cores/Dolphin/cmake/CMakeFiles/CMakeScratch/TryCompile-AU3rqO/build/cmTC_24c7a.build/Debug-iphoneos/Objects-normal/arm64/CheckIncludeFile.o
/Users/jmattiello/Workspace/Provenance/Provenance/Cores/Dolphin/cmake/CMakeFiles/CMakeScratch/TryCompile-AU3rqO/CheckIncludeFile.c:1:10: fatal error: 'zstd.h' file not found
#include <zstd.h>
         ^~~~~~~~
1 error generated.

WriteAuxiliaryFile /Users/jmattiello/Workspace/Provenance/Provenance/Cores/Dolphin/cmake/CMakeFiles/CMakeScratch/TryCompile-AU3rqO/build/cmTC_24c7a.build/Debug-iphoneos/Objects-normal/arm64/cmTC_24c7a.LinkFileList (in target 'cmTC_24c7a' from project 'CMAKE_TRY_COMPILE')
    cd /Users/jmattiello/Workspace/Provenance/Provenance/Cores/Dolphin/cmake/CMakeFiles/CMakeScratch/TryCompile-AU3rqO
    write-file /Users/jmattiello/Workspace/Provenance/Provenance/Cores/Dolphin/cmake/CMakeFiles/CMakeScratch/TryCompile-AU3rqO/build/cmTC_24c7a.build/Debug-iphoneos/Objects-normal/arm64/cmTC_24c7a.LinkFileList

** BUILD FAILED **


The following build commands failed:
	CompileC /Users/jmattiello/Workspace/Provenance/Provenance/Cores/Dolphin/cmake/CMakeFiles/CMakeScratch/TryCompile-AU3rqO/build/cmTC_24c7a.build/Debug-iphoneos/Objects-normal/arm64/CheckIncludeFile.o /Users/jmattiello/Workspace/Provenance/Provenance/Cores/Dolphin/cmake/CMakeFiles/CMakeScratch/TryCompile-AU3rqO/CheckIncludeFile.c normal arm64 c com.apple.compilers.llvm.clang.1_0.compiler (in target 'cmTC_24c7a' from project 'CMAKE_TRY_COMPILE')
(1 failure)



Performing C SOURCE FILE Test FLAG_C_LOGICAL_OP failed with the following output:
Change Dir: /Users/jmattiello/Workspace/Provenance/Provenance/Cores/Dolphin/cmake/CMakeFiles/CMakeScratch/TryCompile-67JFuA

Run Build Command(s):/usr/bin/xcodebuild -project CMAKE_TRY_COMPILE.xcodeproj build -target cmTC_83504 -parallelizeTargets -configuration Debug -hideShellScriptEnvironment && Command line invocation:
    /Applications/Xcode-14.2.app/Contents/Developer/usr/bin/xcodebuild -project CMAKE_TRY_COMPILE.xcodeproj build -target cmTC_83504 -parallelizeTargets -configuration Debug -hideShellScriptEnvironment

User defaults from command line:
    HideShellScriptEnvironment = YES
    IDEPackageSupportUseBuiltinSCM = YES

Computing target dependency graph and provisioning inputs

Create build description
Build description signature: 12f6c5fe206c865459a8aad3c7f72395
Build description path: /Users/jmattiello/Workspace/Provenance/Provenance/Cores/Dolphin/cmake/CMakeFiles/CMakeScratch/TryCompile-67JFuA/build/XCBuildData/12f6c5fe206c865459a8aad3c7f72395-desc.xcbuild

note: Building targets in dependency order
CreateBuildDirectory /Users/jmattiello/Workspace/Provenance/Provenance/Cores/Dolphin/cmake/CMakeFiles/CMakeScratch/TryCompile-67JFuA/build
    cd /Users/jmattiello/Workspace/Provenance/Provenance/Cores/Dolphin/cmake/CMakeFiles/CMakeScratch/TryCompile-67JFuA/CMAKE_TRY_COMPILE.xcodeproj
    builtin-create-build-directory /Users/jmattiello/Workspace/Provenance/Provenance/Cores/Dolphin/cmake/CMakeFiles/CMakeScratch/TryCompile-67JFuA/build

CreateBuildDirectory /Users/jmattiello/Workspace/Provenance/Provenance/Cores/Dolphin/cmake/CMakeFiles/CMakeScratch/TryCompile-67JFuA/Debug
    cd /Users/jmattiello/Workspace/Provenance/Provenance/Cores/Dolphin/cmake/CMakeFiles/CMakeScratch/TryCompile-67JFuA/CMAKE_TRY_COMPILE.xcodeproj
    builtin-create-build-directory /Users/jmattiello/Workspace/Provenance/Provenance/Cores/Dolphin/cmake/CMakeFiles/CMakeScratch/TryCompile-67JFuA/Debug

CreateBuildDirectory /Users/jmattiello/Workspace/Provenance/Provenance/Cores/Dolphin/cmake/CMakeFiles/CMakeScratch/TryCompile-67JFuA/build/EagerLinkingTBDs
    cd /Users/jmattiello/Workspace/Provenance/Provenance/Cores/Dolphin/cmake/CMakeFiles/CMakeScratch/TryCompile-67JFuA/CMAKE_TRY_COMPILE.xcodeproj
    builtin-create-build-directory /Users/jmattiello/Workspace/Provenance/Provenance/Cores/Dolphin/cmake/CMakeFiles/CMakeScratch/TryCompile-67JFuA/build/EagerLinkingTBDs

WriteAuxiliaryFile /Users/jmattiello/Workspace/Provenance/Provenance/Cores/Dolphin/cmake/CMakeFiles/CMakeScratch/TryCompile-67JFuA/build/cmTC_83504.build/Debug-iphoneos/Objects-normal/arm64/cmTC_83504.LinkFileList (in target 'cmTC_83504' from project 'CMAKE_TRY_COMPILE')
    cd /Users/jmattiello/Workspace/Provenance/Provenance/Cores/Dolphin/cmake/CMakeFiles/CMakeScratch/TryCompile-67JFuA
    write-file /Users/jmattiello/Workspace/Provenance/Provenance/Cores/Dolphin/cmake/CMakeFiles/CMakeScratch/TryCompile-67JFuA/build/cmTC_83504.build/Debug-iphoneos/Objects-normal/arm64/cmTC_83504.LinkFileList

CompileC /Users/jmattiello/Workspace/Provenance/Provenance/Cores/Dolphin/cmake/CMakeFiles/CMakeScratch/TryCompile-67JFuA/build/cmTC_83504.build/Debug-iphoneos/Objects-normal/arm64/src.o /Users/jmattiello/Workspace/Provenance/Provenance/Cores/Dolphin/cmake/CMakeFiles/CMakeScratch/TryCompile-67JFuA/src.c normal arm64 c com.apple.compilers.llvm.clang.1_0.compiler (in target 'cmTC_83504' from project 'CMAKE_TRY_COMPILE')
    cd /Users/jmattiello/Workspace/Provenance/Provenance/Cores/Dolphin/cmake/CMakeFiles/CMakeScratch/TryCompile-67JFuA
    /Applications/Xcode-14.2.app/Contents/Developer/Toolchains/XcodeDefault.xctoolchain/usr/bin/clang -x c -target arm64-apple-ios13.0 -fmessage-length\=0 -fdiagnostics-show-note-include-stack -fmacro-backtrace-limit\=0 -Wno-trigraphs -fpascal-strings -O0 -Wno-missing-field-initializers -Wno-missing-prototypes -Wno-return-type -Wno-missing-braces -Wparentheses -Wswitch -Wno-unused-function -Wno-unused-label -Wno-unused-parameter -Wno-unused-variable -Wunused-value -Wno-empty-body -Wno-uninitialized -Wno-unknown-pragmas -Wno-shadow -Wno-four-char-constants -Wno-conversion -Wno-constant-conversion -Wno-int-conversion -Wno-bool-conversion -Wno-enum-conversion -Wno-float-conversion -Wno-non-literal-null-conversion -Wno-objc-literal-conversion -Wshorten-64-to-32 -Wpointer-sign -Wno-newline-eof -Wno-implicit-fallthrough -DCMAKE_INTDIR\=\"Debug-iphoneos\" -DFLAG_C_LOGICAL_OP -isysroot /Applications/Xcode-14.2.app/Contents/Developer/Platforms/iPhoneOS.platform/Developer/SDKs/iPhoneOS16.2.sdk -fstrict-aliasing -Wdeprecated-declarations -g -Wno-sign-conversion -Wno-infinite-recursion -Wno-comma -Wno-block-capture-autoreleasing -Wno-strict-prototypes -Wno-semicolon-before-method-body -I/Users/jmattiello/Workspace/Provenance/Provenance/Cores/Dolphin/cmake/CMakeFiles/CMakeScratch/TryCompile-67JFuA/Debug/include -I/Users/jmattiello/Workspace/Provenance/Provenance/Cores/Dolphin/cmake/CMakeFiles/CMakeScratch/TryCompile-67JFuA/build/cmTC_83504.build/Debug-iphoneos/DerivedSources-normal/arm64 -I/Users/jmattiello/Workspace/Provenance/Provenance/Cores/Dolphin/cmake/CMakeFiles/CMakeScratch/TryCompile-67JFuA/build/cmTC_83504.build/Debug-iphoneos/DerivedSources/arm64 -I/Users/jmattiello/Workspace/Provenance/Provenance/Cores/Dolphin/cmake/CMakeFiles/CMakeScratch/TryCompile-67JFuA/build/cmTC_83504.build/Debug-iphoneos/DerivedSources -F/Users/jmattiello/Workspace/Provenance/Provenance/Cores/Dolphin/cmake/CMakeFiles/CMakeScratch/TryCompile-67JFuA/Debug -Werror -Wlogical-op -MMD -MT dependencies -MF /Users/jmattiello/Workspace/Provenance/Provenance/Cores/Dolphin/cmake/CMakeFiles/CMakeScratch/TryCompile-67JFuA/build/cmTC_83504.build/Debug-iphoneos/Objects-normal/arm64/src.d --serialize-diagnostics /Users/jmattiello/Workspace/Provenance/Provenance/Cores/Dolphin/cmake/CMakeFiles/CMakeScratch/TryCompile-67JFuA/build/cmTC_83504.build/Debug-iphoneos/Objects-normal/arm64/src.dia -c /Users/jmattiello/Workspace/Provenance/Provenance/Cores/Dolphin/cmake/CMakeFiles/CMakeScratch/TryCompile-67JFuA/src.c -o /Users/jmattiello/Workspace/Provenance/Provenance/Cores/Dolphin/cmake/CMakeFiles/CMakeScratch/TryCompile-67JFuA/build/cmTC_83504.build/Debug-iphoneos/Objects-normal/arm64/src.o
error: unknown warning option '-Wlogical-op'; did you mean '-Wlong-long'? [-Werror,-Wunknown-warning-option]
/Users/jmattiello/Workspace/Provenance/Provenance/Cores/Dolphin/cmake/CMakeFiles/CMakeScratch/TryCompile-67JFuA/build/cmTC_83504.build/Debug-iphoneos/Objects-normal/arm64/src.dia:1:1: warning: Could not read serialized diagnostics file: error("Failed to open diagnostics file") (in target 'cmTC_83504' from project 'CMAKE_TRY_COMPILE')
Command CompileC failed with a nonzero exit code

** BUILD FAILED **


The following build commands failed:
	CompileC /Users/jmattiello/Workspace/Provenance/Provenance/Cores/Dolphin/cmake/CMakeFiles/CMakeScratch/TryCompile-67JFuA/build/cmTC_83504.build/Debug-iphoneos/Objects-normal/arm64/src.o /Users/jmattiello/Workspace/Provenance/Provenance/Cores/Dolphin/cmake/CMakeFiles/CMakeScratch/TryCompile-67JFuA/src.c normal arm64 c com.apple.compilers.llvm.clang.1_0.compiler (in target 'cmTC_83504' from project 'CMAKE_TRY_COMPILE')
(1 failure)


Source file was:
int main(void) { return 0; }

Performing C++ SOURCE FILE Test FLAG_CXX_LOGICAL_OP failed with the following output:
Change Dir: /Users/jmattiello/Workspace/Provenance/Provenance/Cores/Dolphin/cmake/CMakeFiles/CMakeScratch/TryCompile-mGSSjx

Run Build Command(s):/usr/bin/xcodebuild -project CMAKE_TRY_COMPILE.xcodeproj build -target cmTC_93dcd -parallelizeTargets -configuration Debug -hideShellScriptEnvironment && Command line invocation:
    /Applications/Xcode-14.2.app/Contents/Developer/usr/bin/xcodebuild -project CMAKE_TRY_COMPILE.xcodeproj build -target cmTC_93dcd -parallelizeTargets -configuration Debug -hideShellScriptEnvironment

User defaults from command line:
    HideShellScriptEnvironment = YES
    IDEPackageSupportUseBuiltinSCM = YES

Computing target dependency graph and provisioning inputs

Create build description
Build description signature: f07aa457115abc58886cb28d8b8ad4ae
Build description path: /Users/jmattiello/Workspace/Provenance/Provenance/Cores/Dolphin/cmake/CMakeFiles/CMakeScratch/TryCompile-mGSSjx/build/XCBuildData/f07aa457115abc58886cb28d8b8ad4ae-desc.xcbuild

note: Building targets in dependency order
CreateBuildDirectory /Users/jmattiello/Workspace/Provenance/Provenance/Cores/Dolphin/cmake/CMakeFiles/CMakeScratch/TryCompile-mGSSjx/build
    cd /Users/jmattiello/Workspace/Provenance/Provenance/Cores/Dolphin/cmake/CMakeFiles/CMakeScratch/TryCompile-mGSSjx/CMAKE_TRY_COMPILE.xcodeproj
    builtin-create-build-directory /Users/jmattiello/Workspace/Provenance/Provenance/Cores/Dolphin/cmake/CMakeFiles/CMakeScratch/TryCompile-mGSSjx/build

CreateBuildDirectory /Users/jmattiello/Workspace/Provenance/Provenance/Cores/Dolphin/cmake/CMakeFiles/CMakeScratch/TryCompile-mGSSjx/Debug
    cd /Users/jmattiello/Workspace/Provenance/Provenance/Cores/Dolphin/cmake/CMakeFiles/CMakeScratch/TryCompile-mGSSjx/CMAKE_TRY_COMPILE.xcodeproj
    builtin-create-build-directory /Users/jmattiello/Workspace/Provenance/Provenance/Cores/Dolphin/cmake/CMakeFiles/CMakeScratch/TryCompile-mGSSjx/Debug

CreateBuildDirectory /Users/jmattiello/Workspace/Provenance/Provenance/Cores/Dolphin/cmake/CMakeFiles/CMakeScratch/TryCompile-mGSSjx/build/EagerLinkingTBDs
    cd /Users/jmattiello/Workspace/Provenance/Provenance/Cores/Dolphin/cmake/CMakeFiles/CMakeScratch/TryCompile-mGSSjx/CMAKE_TRY_COMPILE.xcodeproj
    builtin-create-build-directory /Users/jmattiello/Workspace/Provenance/Provenance/Cores/Dolphin/cmake/CMakeFiles/CMakeScratch/TryCompile-mGSSjx/build/EagerLinkingTBDs

WriteAuxiliaryFile /Users/jmattiello/Workspace/Provenance/Provenance/Cores/Dolphin/cmake/CMakeFiles/CMakeScratch/TryCompile-mGSSjx/build/cmTC_93dcd.build/Debug-iphoneos/Objects-normal/arm64/cmTC_93dcd.LinkFileList (in target 'cmTC_93dcd' from project 'CMAKE_TRY_COMPILE')
    cd /Users/jmattiello/Workspace/Provenance/Provenance/Cores/Dolphin/cmake/CMakeFiles/CMakeScratch/TryCompile-mGSSjx
    write-file /Users/jmattiello/Workspace/Provenance/Provenance/Cores/Dolphin/cmake/CMakeFiles/CMakeScratch/TryCompile-mGSSjx/build/cmTC_93dcd.build/Debug-iphoneos/Objects-normal/arm64/cmTC_93dcd.LinkFileList

CompileC /Users/jmattiello/Workspace/Provenance/Provenance/Cores/Dolphin/cmake/CMakeFiles/CMakeScratch/TryCompile-mGSSjx/build/cmTC_93dcd.build/Debug-iphoneos/Objects-normal/arm64/src.o /Users/jmattiello/Workspace/Provenance/Provenance/Cores/Dolphin/cmake/CMakeFiles/CMakeScratch/TryCompile-mGSSjx/src.cxx normal arm64 c++ com.apple.compilers.llvm.clang.1_0.compiler (in target 'cmTC_93dcd' from project 'CMAKE_TRY_COMPILE')
    cd /Users/jmattiello/Workspace/Provenance/Provenance/Cores/Dolphin/cmake/CMakeFiles/CMakeScratch/TryCompile-mGSSjx
    /Applications/Xcode-14.2.app/Contents/Developer/Toolchains/XcodeDefault.xctoolchain/usr/bin/clang -x c++ -target arm64-apple-ios13.0 -fmessage-length\=0 -fdiagnostics-show-note-include-stack -fmacro-backtrace-limit\=0 -Wno-trigraphs -fpascal-strings -O0 -Wno-missing-field-initializers -Wno-missing-prototypes -Wno-return-type -Wno-non-virtual-dtor -Wno-overloaded-virtual -Wno-exit-time-destructors -Wno-missing-braces -Wparentheses -Wswitch -Wno-unused-function -Wno-unused-label -Wno-unused-parameter -Wno-unused-variable -Wunused-value -Wno-empty-body -Wno-uninitialized -Wno-unknown-pragmas -Wno-shadow -Wno-four-char-constants -Wno-conversion -Wno-constant-conversion -Wno-int-conversion -Wno-bool-conversion -Wno-enum-conversion -Wno-float-conversion -Wno-non-literal-null-conversion -Wno-objc-literal-conversion -Wshorten-64-to-32 -Wno-newline-eof -Wno-c++11-extensions -Wno-implicit-fallthrough -DCMAKE_INTDIR\=\"Debug-iphoneos\" -DFLAG_CXX_LOGICAL_OP -isysroot /Applications/Xcode-14.2.app/Contents/Developer/Platforms/iPhoneOS.platform/Developer/SDKs/iPhoneOS16.2.sdk -fstrict-aliasing -Wdeprecated-declarations -Winvalid-offsetof -g -Wno-sign-conversion -Wno-infinite-recursion -Wno-move -Wno-comma -Wno-block-capture-autoreleasing -Wno-strict-prototypes -Wno-range-loop-analysis -Wno-semicolon-before-method-body -I/Users/jmattiello/Workspace/Provenance/Provenance/Cores/Dolphin/cmake/CMakeFiles/CMakeScratch/TryCompile-mGSSjx/Debug/include -I/Users/jmattiello/Workspace/Provenance/Provenance/Cores/Dolphin/cmake/CMakeFiles/CMakeScratch/TryCompile-mGSSjx/build/cmTC_93dcd.build/Debug-iphoneos/DerivedSources-normal/arm64 -I/Users/jmattiello/Workspace/Provenance/Provenance/Cores/Dolphin/cmake/CMakeFiles/CMakeScratch/TryCompile-mGSSjx/build/cmTC_93dcd.build/Debug-iphoneos/DerivedSources/arm64 -I/Users/jmattiello/Workspace/Provenance/Provenance/Cores/Dolphin/cmake/CMakeFiles/CMakeScratch/TryCompile-mGSSjx/build/cmTC_93dcd.build/Debug-iphoneos/DerivedSources -F/Users/jmattiello/Workspace/Provenance/Provenance/Cores/Dolphin/cmake/CMakeFiles/CMakeScratch/TryCompile-mGSSjx/Debug -std\=c++17 -Werror -Wlogical-op -MMD -MT dependencies -MF /Users/jmattiello/Workspace/Provenance/Provenance/Cores/Dolphin/cmake/CMakeFiles/CMakeScratch/TryCompile-mGSSjx/build/cmTC_93dcd.build/Debug-iphoneos/Objects-normal/arm64/src.d --serialize-diagnostics /Users/jmattiello/Workspace/Provenance/Provenance/Cores/Dolphin/cmake/CMakeFiles/CMakeScratch/TryCompile-mGSSjx/build/cmTC_93dcd.build/Debug-iphoneos/Objects-normal/arm64/src.dia -c /Users/jmattiello/Workspace/Provenance/Provenance/Cores/Dolphin/cmake/CMakeFiles/CMakeScratch/TryCompile-mGSSjx/src.cxx -o /Users/jmattiello/Workspace/Provenance/Provenance/Cores/Dolphin/cmake/CMakeFiles/CMakeScratch/TryCompile-mGSSjx/build/cmTC_93dcd.build/Debug-iphoneos/Objects-normal/arm64/src.o
error: unknown warning option '-Wlogical-op'; did you mean '-Wlong-long'? [-Werror,-Wunknown-warning-option]
/Users/jmattiello/Workspace/Provenance/Provenance/Cores/Dolphin/cmake/CMakeFiles/CMakeScratch/TryCompile-mGSSjx/build/cmTC_93dcd.build/Debug-iphoneos/Objects-normal/arm64/src.dia:1:1: warning: Could not read serialized diagnostics file: error("Failed to open diagnostics file") (in target 'cmTC_93dcd' from project 'CMAKE_TRY_COMPILE')
Command CompileC failed with a nonzero exit code

** BUILD FAILED **


The following build commands failed:
	CompileC /Users/jmattiello/Workspace/Provenance/Provenance/Cores/Dolphin/cmake/CMakeFiles/CMakeScratch/TryCompile-mGSSjx/build/cmTC_93dcd.build/Debug-iphoneos/Objects-normal/arm64/src.o /Users/jmattiello/Workspace/Provenance/Provenance/Cores/Dolphin/cmake/CMakeFiles/CMakeScratch/TryCompile-mGSSjx/src.cxx normal arm64 c++ com.apple.compilers.llvm.clang.1_0.compiler (in target 'cmTC_93dcd' from project 'CMAKE_TRY_COMPILE')
(1 failure)


Source file was:
int main() { return 0; }

Performing C++ SOURCE FILE Test HAS_STRINGOP_TRUNCATION_WARNING failed with the following output:
Change Dir: /Users/jmattiello/Workspace/Provenance/Provenance/Cores/Dolphin/cmake/CMakeFiles/CMakeScratch/TryCompile-D3AK6m

Run Build Command(s):/usr/bin/xcodebuild -project CMAKE_TRY_COMPILE.xcodeproj build -target cmTC_a9b57 -parallelizeTargets -configuration Debug -hideShellScriptEnvironment && Command line invocation:
    /Applications/Xcode-14.2.app/Contents/Developer/usr/bin/xcodebuild -project CMAKE_TRY_COMPILE.xcodeproj build -target cmTC_a9b57 -parallelizeTargets -configuration Debug -hideShellScriptEnvironment

User defaults from command line:
    HideShellScriptEnvironment = YES
    IDEPackageSupportUseBuiltinSCM = YES

Computing target dependency graph and provisioning inputs

Create build description
Build description signature: 724332665c15fc9d50e9229cdc0cad1c
Build description path: /Users/jmattiello/Workspace/Provenance/Provenance/Cores/Dolphin/cmake/CMakeFiles/CMakeScratch/TryCompile-D3AK6m/build/XCBuildData/724332665c15fc9d50e9229cdc0cad1c-desc.xcbuild

note: Building targets in dependency order
CreateBuildDirectory /Users/jmattiello/Workspace/Provenance/Provenance/Cores/Dolphin/cmake/CMakeFiles/CMakeScratch/TryCompile-D3AK6m/Debug
    cd /Users/jmattiello/Workspace/Provenance/Provenance/Cores/Dolphin/cmake/CMakeFiles/CMakeScratch/TryCompile-D3AK6m/CMAKE_TRY_COMPILE.xcodeproj
    builtin-create-build-directory /Users/jmattiello/Workspace/Provenance/Provenance/Cores/Dolphin/cmake/CMakeFiles/CMakeScratch/TryCompile-D3AK6m/Debug

CreateBuildDirectory /Users/jmattiello/Workspace/Provenance/Provenance/Cores/Dolphin/cmake/CMakeFiles/CMakeScratch/TryCompile-D3AK6m/build
    cd /Users/jmattiello/Workspace/Provenance/Provenance/Cores/Dolphin/cmake/CMakeFiles/CMakeScratch/TryCompile-D3AK6m/CMAKE_TRY_COMPILE.xcodeproj
    builtin-create-build-directory /Users/jmattiello/Workspace/Provenance/Provenance/Cores/Dolphin/cmake/CMakeFiles/CMakeScratch/TryCompile-D3AK6m/build

CreateBuildDirectory /Users/jmattiello/Workspace/Provenance/Provenance/Cores/Dolphin/cmake/CMakeFiles/CMakeScratch/TryCompile-D3AK6m/build/EagerLinkingTBDs
    cd /Users/jmattiello/Workspace/Provenance/Provenance/Cores/Dolphin/cmake/CMakeFiles/CMakeScratch/TryCompile-D3AK6m/CMAKE_TRY_COMPILE.xcodeproj
    builtin-create-build-directory /Users/jmattiello/Workspace/Provenance/Provenance/Cores/Dolphin/cmake/CMakeFiles/CMakeScratch/TryCompile-D3AK6m/build/EagerLinkingTBDs

WriteAuxiliaryFile /Users/jmattiello/Workspace/Provenance/Provenance/Cores/Dolphin/cmake/CMakeFiles/CMakeScratch/TryCompile-D3AK6m/build/cmTC_a9b57.build/Debug-iphoneos/Objects-normal/arm64/cmTC_a9b57.LinkFileList (in target 'cmTC_a9b57' from project 'CMAKE_TRY_COMPILE')
    cd /Users/jmattiello/Workspace/Provenance/Provenance/Cores/Dolphin/cmake/CMakeFiles/CMakeScratch/TryCompile-D3AK6m
    write-file /Users/jmattiello/Workspace/Provenance/Provenance/Cores/Dolphin/cmake/CMakeFiles/CMakeScratch/TryCompile-D3AK6m/build/cmTC_a9b57.build/Debug-iphoneos/Objects-normal/arm64/cmTC_a9b57.LinkFileList

CompileC /Users/jmattiello/Workspace/Provenance/Provenance/Cores/Dolphin/cmake/CMakeFiles/CMakeScratch/TryCompile-D3AK6m/build/cmTC_a9b57.build/Debug-iphoneos/Objects-normal/arm64/src.o /Users/jmattiello/Workspace/Provenance/Provenance/Cores/Dolphin/cmake/CMakeFiles/CMakeScratch/TryCompile-D3AK6m/src.cxx normal arm64 c++ com.apple.compilers.llvm.clang.1_0.compiler (in target 'cmTC_a9b57' from project 'CMAKE_TRY_COMPILE')
    cd /Users/jmattiello/Workspace/Provenance/Provenance/Cores/Dolphin/cmake/CMakeFiles/CMakeScratch/TryCompile-D3AK6m
    /Applications/Xcode-14.2.app/Contents/Developer/Toolchains/XcodeDefault.xctoolchain/usr/bin/clang -x c++ -target arm64-apple-ios13.0 -fmessage-length\=0 -fdiagnostics-show-note-include-stack -fmacro-backtrace-limit\=0 -Wno-trigraphs -fpascal-strings -O0 -Wno-missing-field-initializers -Wno-missing-prototypes -Wno-return-type -Wno-non-virtual-dtor -Wno-overloaded-virtual -Wno-exit-time-destructors -Wno-missing-braces -Wparentheses -Wswitch -Wno-unused-function -Wno-unused-label -Wno-unused-parameter -Wno-unused-variable -Wunused-value -Wno-empty-body -Wno-uninitialized -Wno-unknown-pragmas -Wno-shadow -Wno-four-char-constants -Wno-conversion -Wno-constant-conversion -Wno-int-conversion -Wno-bool-conversion -Wno-enum-conversion -Wno-float-conversion -Wno-non-literal-null-conversion -Wno-objc-literal-conversion -Wshorten-64-to-32 -Wno-newline-eof -Wno-c++11-extensions -Wno-implicit-fallthrough -DCMAKE_INTDIR\=\"Debug-iphoneos\" -DHAS_STRINGOP_TRUNCATION_WARNING -isysroot /Applications/Xcode-14.2.app/Contents/Developer/Platforms/iPhoneOS.platform/Developer/SDKs/iPhoneOS16.2.sdk -fstrict-aliasing -Wdeprecated-declarations -Winvalid-offsetof -g -Wno-sign-conversion -Wno-infinite-recursion -Wno-move -Wno-comma -Wno-block-capture-autoreleasing -Wno-strict-prototypes -Wno-range-loop-analysis -Wno-semicolon-before-method-body -I/Users/jmattiello/Workspace/Provenance/Provenance/Cores/Dolphin/cmake/CMakeFiles/CMakeScratch/TryCompile-D3AK6m/Debug/include -I/Users/jmattiello/Workspace/Provenance/Provenance/Cores/Dolphin/cmake/CMakeFiles/CMakeScratch/TryCompile-D3AK6m/build/cmTC_a9b57.build/Debug-iphoneos/DerivedSources-normal/arm64 -I/Users/jmattiello/Workspace/Provenance/Provenance/Cores/Dolphin/cmake/CMakeFiles/CMakeScratch/TryCompile-D3AK6m/build/cmTC_a9b57.build/Debug-iphoneos/DerivedSources/arm64 -I/Users/jmattiello/Workspace/Provenance/Provenance/Cores/Dolphin/cmake/CMakeFiles/CMakeScratch/TryCompile-D3AK6m/build/cmTC_a9b57.build/Debug-iphoneos/DerivedSources -F/Users/jmattiello/Workspace/Provenance/Provenance/Cores/Dolphin/cmake/CMakeFiles/CMakeScratch/TryCompile-D3AK6m/Debug -std\=c++17 -Wstringop-truncation -MMD -MT dependencies -MF /Users/jmattiello/Workspace/Provenance/Provenance/Cores/Dolphin/cmake/CMakeFiles/CMakeScratch/TryCompile-D3AK6m/build/cmTC_a9b57.build/Debug-iphoneos/Objects-normal/arm64/src.d --serialize-diagnostics /Users/jmattiello/Workspace/Provenance/Provenance/Cores/Dolphin/cmake/CMakeFiles/CMakeScratch/TryCompile-D3AK6m/build/cmTC_a9b57.build/Debug-iphoneos/Objects-normal/arm64/src.dia -c /Users/jmattiello/Workspace/Provenance/Provenance/Cores/Dolphin/cmake/CMakeFiles/CMakeScratch/TryCompile-D3AK6m/src.cxx -o /Users/jmattiello/Workspace/Provenance/Provenance/Cores/Dolphin/cmake/CMakeFiles/CMakeScratch/TryCompile-D3AK6m/build/cmTC_a9b57.build/Debug-iphoneos/Objects-normal/arm64/src.o
warning: unknown warning option '-Wstringop-truncation'; did you mean '-Wstring-concatenation'? [-Wunknown-warning-option]
1 warning generated.

Libtool /Users/jmattiello/Workspace/Provenance/Provenance/Cores/Dolphin/cmake/CMakeFiles/CMakeScratch/TryCompile-D3AK6m/Debug/libcmTC_a9b57.a normal (in target 'cmTC_a9b57' from project 'CMAKE_TRY_COMPILE')
    cd /Users/jmattiello/Workspace/Provenance/Provenance/Cores/Dolphin/cmake/CMakeFiles/CMakeScratch/TryCompile-D3AK6m
    /Applications/Xcode-14.2.app/Contents/Developer/Toolchains/XcodeDefault.xctoolchain/usr/bin/libtool -static -arch_only arm64 -D -syslibroot /Applications/Xcode-14.2.app/Contents/Developer/Platforms/iPhoneOS.platform/Developer/SDKs/iPhoneOS16.2.sdk -L/Users/jmattiello/Workspace/Provenance/Provenance/Cores/Dolphin/cmake/CMakeFiles/CMakeScratch/TryCompile-D3AK6m/Debug -filelist /Users/jmattiello/Workspace/Provenance/Provenance/Cores/Dolphin/cmake/CMakeFiles/CMakeScratch/TryCompile-D3AK6m/build/cmTC_a9b57.build/Debug-iphoneos/Objects-normal/arm64/cmTC_a9b57.LinkFileList -dependency_info /Users/jmattiello/Workspace/Provenance/Provenance/Cores/Dolphin/cmake/CMakeFiles/CMakeScratch/TryCompile-D3AK6m/build/cmTC_a9b57.build/Debug-iphoneos/Objects-normal/arm64/cmTC_a9b57_libtool_dependency_info.dat -o /Users/jmattiello/Workspace/Provenance/Provenance/Cores/Dolphin/cmake/CMakeFiles/CMakeScratch/TryCompile-D3AK6m/Debug/libcmTC_a9b57.a

** BUILD SUCCEEDED **



Source file was:
int main() { return 0; }

